<?xml version="1.0" encoding="UTF-8"?>
<testng-results skipped="0" failed="0" ignored="0" total="1" passed="1">
  <reporter-output>
  </reporter-output>
  <suite name="Default suite" duration-ms="3068" started-at="2018-09-12T03:08:38Z" finished-at="2018-09-12T03:08:41Z">
    <groups>
    </groups>
    <test name="Default test" duration-ms="3068" started-at="2018-09-12T03:08:38Z" finished-at="2018-09-12T03:08:41Z">
      <class name="com.RestAssured.practice.RestAssuredOne">
        <test-method status="PASS" signature="testerMethod()[pri:0, instance:com.RestAssured.practice.RestAssuredOne@2b2948e2]" name="testerMethod" duration-ms="3034" started-at="2018-09-12T03:08:38Z" finished-at="2018-09-12T03:08:41Z">
          <reporter-output>
          </reporter-output>
        </test-method> <!-- testerMethod -->
      </class> <!-- com.RestAssured.practice.RestAssuredOne -->
    </test> <!-- Default test -->
  </suite> <!-- Default suite -->
</testng-results>
