<?xml version="1.0" encoding="UTF-8"?>
<testng-results skipped="0" failed="0" ignored="0" total="1" passed="1">
  <reporter-output>
  </reporter-output>
  <suite name="Default suite" duration-ms="35" started-at="2018-09-04T21:55:37Z" finished-at="2018-09-04T21:55:37Z">
    <groups>
    </groups>
    <test name="Default test" duration-ms="35" started-at="2018-09-04T21:55:37Z" finished-at="2018-09-04T21:55:37Z">
      <class name="Log4jPAckage.Log4jTest">
        <test-method status="PASS" signature="mainlog()[pri:0, instance:Log4jPAckage.Log4jTest@7a69b07]" name="mainlog" duration-ms="15" started-at="2018-09-04T21:55:37Z" finished-at="2018-09-04T21:55:37Z">
          <reporter-output>
          </reporter-output>
        </test-method> <!-- mainlog -->
      </class> <!-- Log4jPAckage.Log4jTest -->
    </test> <!-- Default test -->
  </suite> <!-- Default suite -->
</testng-results>
